{"name":"Log","hostname":"LCs-MacBook-Pro-2.local","pid":23706,"level":30,"version":"5.82.12","msg":"Ghost is running in development...","time":"2024-05-30T14:39:58.765Z","v":0}
{"name":"Log","hostname":"LCs-MacBook-Pro-2.local","pid":23706,"level":30,"version":"5.82.12","msg":"Listening on: 127.0.0.1:2369","time":"2024-05-30T14:39:58.765Z","v":0}
{"name":"Log","hostname":"LCs-MacBook-Pro-2.local","pid":23706,"level":30,"version":"5.82.12","msg":"Url configured as: http://localhost:2369/","time":"2024-05-30T14:39:58.766Z","v":0}
{"name":"Log","hostname":"LCs-MacBook-Pro-2.local","pid":23706,"level":30,"version":"5.82.12","msg":"Ctrl+C to shut down","time":"2024-05-30T14:39:58.766Z","v":0}
{"name":"Log","hostname":"LCs-MacBook-Pro-2.local","pid":23706,"level":30,"version":"5.82.12","msg":"Ghost server started in 0.32s","time":"2024-05-30T14:39:58.766Z","v":0}
{"name":"Log","hostname":"LCs-MacBook-Pro-2.local","pid":23706,"level":40,"version":"5.82.12","msg":"Database state requires initialisation.","time":"2024-05-30T14:39:58.934Z","v":0}
{"name":"Log","hostname":"LCs-MacBook-Pro-2.local","pid":23706,"level":30,"version":"5.82.12","msg":"Creating table: newsletters","time":"2024-05-30T14:39:59.057Z","v":0}
{"name":"Log","hostname":"LCs-MacBook-Pro-2.local","pid":23706,"level":30,"version":"5.82.12","msg":"Creating table: posts","time":"2024-05-30T14:39:59.075Z","v":0}
{"name":"Log","hostname":"LCs-MacBook-Pro-2.local","pid":23706,"level":30,"version":"5.82.12","msg":"Creating table: posts_meta","time":"2024-05-30T14:39:59.101Z","v":0}
{"name":"Log","hostname":"LCs-MacBook-Pro-2.local","pid":23706,"level":30,"version":"5.82.12","msg":"Creating table: users","time":"2024-05-30T14:39:59.103Z","v":0}
{"name":"Log","hostname":"LCs-MacBook-Pro-2.local","pid":23706,"level":30,"version":"5.82.12","msg":"Creating table: posts_authors","time":"2024-05-30T14:39:59.105Z","v":0}
{"name":"Log","hostname":"LCs-MacBook-Pro-2.local","pid":23706,"level":30,"version":"5.82.12","msg":"Creating table: roles","time":"2024-05-30T14:39:59.106Z","v":0}
{"name":"Log","hostname":"LCs-MacBook-Pro-2.local","pid":23706,"level":30,"version":"5.82.12","msg":"Creating table: roles_users","time":"2024-05-30T14:39:59.107Z","v":0}
{"name":"Log","hostname":"LCs-MacBook-Pro-2.local","pid":23706,"level":30,"version":"5.82.12","msg":"Creating table: permissions","time":"2024-05-30T14:39:59.108Z","v":0}
{"name":"Log","hostname":"LCs-MacBook-Pro-2.local","pid":23706,"level":30,"version":"5.82.12","msg":"Creating table: permissions_users","time":"2024-05-30T14:39:59.109Z","v":0}
{"name":"Log","hostname":"LCs-MacBook-Pro-2.local","pid":23706,"level":30,"version":"5.82.12","msg":"Creating table: permissions_roles","time":"2024-05-30T14:39:59.110Z","v":0}
{"name":"Log","hostname":"LCs-MacBook-Pro-2.local","pid":23706,"level":30,"version":"5.82.12","msg":"Creating table: settings","time":"2024-05-30T14:39:59.112Z","v":0}
{"name":"Log","hostname":"LCs-MacBook-Pro-2.local","pid":23706,"level":30,"version":"5.82.12","msg":"Creating table: tags","time":"2024-05-30T14:39:59.114Z","v":0}
{"name":"Log","hostname":"LCs-MacBook-Pro-2.local","pid":23706,"level":30,"version":"5.82.12","msg":"Creating table: posts_tags","time":"2024-05-30T14:39:59.115Z","v":0}
{"name":"Log","hostname":"LCs-MacBook-Pro-2.local","pid":23706,"level":30,"version":"5.82.12","msg":"Creating table: invites","time":"2024-05-30T14:39:59.116Z","v":0}
{"name":"Log","hostname":"LCs-MacBook-Pro-2.local","pid":23706,"level":30,"version":"5.82.12","msg":"Creating table: brute","time":"2024-05-30T14:39:59.118Z","v":0}
{"name":"Log","hostname":"LCs-MacBook-Pro-2.local","pid":23706,"level":30,"version":"5.82.12","msg":"Creating table: sessions","time":"2024-05-30T14:39:59.119Z","v":0}
{"name":"Log","hostname":"LCs-MacBook-Pro-2.local","pid":23706,"level":30,"version":"5.82.12","msg":"Creating table: integrations","time":"2024-05-30T14:39:59.120Z","v":0}
{"name":"Log","hostname":"LCs-MacBook-Pro-2.local","pid":23706,"level":30,"version":"5.82.12","msg":"Creating table: webhooks","time":"2024-05-30T14:39:59.121Z","v":0}
{"name":"Log","hostname":"LCs-MacBook-Pro-2.local","pid":23706,"level":30,"version":"5.82.12","msg":"Creating table: api_keys","time":"2024-05-30T14:39:59.122Z","v":0}
{"name":"Log","hostname":"LCs-MacBook-Pro-2.local","pid":23706,"level":30,"version":"5.82.12","msg":"Creating table: mobiledoc_revisions","time":"2024-05-30T14:39:59.123Z","v":0}
{"name":"Log","hostname":"LCs-MacBook-Pro-2.local","pid":23706,"level":30,"version":"5.82.12","msg":"Creating table: post_revisions","time":"2024-05-30T14:39:59.124Z","v":0}
{"name":"Log","hostname":"LCs-MacBook-Pro-2.local","pid":23706,"level":30,"version":"5.82.12","msg":"Creating table: members","time":"2024-05-30T14:39:59.125Z","v":0}
{"name":"Log","hostname":"LCs-MacBook-Pro-2.local","pid":23706,"level":30,"version":"5.82.12","msg":"Creating table: products","time":"2024-05-30T14:39:59.128Z","v":0}
{"name":"Log","hostname":"LCs-MacBook-Pro-2.local","pid":23706,"level":30,"version":"5.82.12","msg":"Creating table: offers","time":"2024-05-30T14:39:59.129Z","v":0}
{"name":"Log","hostname":"LCs-MacBook-Pro-2.local","pid":23706,"level":30,"version":"5.82.12","msg":"Creating table: benefits","time":"2024-05-30T14:39:59.131Z","v":0}
{"name":"Log","hostname":"LCs-MacBook-Pro-2.local","pid":23706,"level":30,"version":"5.82.12","msg":"Creating table: products_benefits","time":"2024-05-30T14:39:59.132Z","v":0}
{"name":"Log","hostname":"LCs-MacBook-Pro-2.local","pid":23706,"level":30,"version":"5.82.12","msg":"Creating table: members_products","time":"2024-05-30T14:39:59.132Z","v":0}
{"name":"Log","hostname":"LCs-MacBook-Pro-2.local","pid":23706,"level":30,"version":"5.82.12","msg":"Creating table: posts_products","time":"2024-05-30T14:39:59.133Z","v":0}
{"name":"Log","hostname":"LCs-MacBook-Pro-2.local","pid":23706,"level":30,"version":"5.82.12","msg":"Creating table: members_created_events","time":"2024-05-30T14:39:59.134Z","v":0}
{"name":"Log","hostname":"LCs-MacBook-Pro-2.local","pid":23706,"level":30,"version":"5.82.12","msg":"Creating table: members_cancel_events","time":"2024-05-30T14:39:59.135Z","v":0}
{"name":"Log","hostname":"LCs-MacBook-Pro-2.local","pid":23706,"level":30,"version":"5.82.12","msg":"Creating table: members_payment_events","time":"2024-05-30T14:39:59.135Z","v":0}
{"name":"Log","hostname":"LCs-MacBook-Pro-2.local","pid":23706,"level":30,"version":"5.82.12","msg":"Creating table: members_login_events","time":"2024-05-30T14:39:59.136Z","v":0}
{"name":"Log","hostname":"LCs-MacBook-Pro-2.local","pid":23706,"level":30,"version":"5.82.12","msg":"Creating table: members_email_change_events","time":"2024-05-30T14:39:59.136Z","v":0}
{"name":"Log","hostname":"LCs-MacBook-Pro-2.local","pid":23706,"level":30,"version":"5.82.12","msg":"Creating table: members_status_events","time":"2024-05-30T14:39:59.137Z","v":0}
{"name":"Log","hostname":"LCs-MacBook-Pro-2.local","pid":23706,"level":30,"version":"5.82.12","msg":"Creating table: members_product_events","time":"2024-05-30T14:39:59.138Z","v":0}
{"name":"Log","hostname":"LCs-MacBook-Pro-2.local","pid":23706,"level":30,"version":"5.82.12","msg":"Creating table: members_paid_subscription_events","time":"2024-05-30T14:39:59.138Z","v":0}
{"name":"Log","hostname":"LCs-MacBook-Pro-2.local","pid":23706,"level":30,"version":"5.82.12","msg":"Creating table: labels","time":"2024-05-30T14:39:59.139Z","v":0}
{"name":"Log","hostname":"LCs-MacBook-Pro-2.local","pid":23706,"level":30,"version":"5.82.12","msg":"Creating table: members_labels","time":"2024-05-30T14:39:59.140Z","v":0}
{"name":"Log","hostname":"LCs-MacBook-Pro-2.local","pid":23706,"level":30,"version":"5.82.12","msg":"Creating table: members_stripe_customers","time":"2024-05-30T14:39:59.141Z","v":0}
{"name":"Log","hostname":"LCs-MacBook-Pro-2.local","pid":23706,"level":30,"version":"5.82.12","msg":"Creating table: subscriptions","time":"2024-05-30T14:39:59.142Z","v":0}
{"name":"Log","hostname":"LCs-MacBook-Pro-2.local","pid":23706,"level":30,"version":"5.82.12","msg":"Creating table: members_stripe_customers_subscriptions","time":"2024-05-30T14:39:59.143Z","v":0}
{"name":"Log","hostname":"LCs-MacBook-Pro-2.local","pid":23706,"level":30,"version":"5.82.12","msg":"Creating table: members_subscription_created_events","time":"2024-05-30T14:39:59.144Z","v":0}
{"name":"Log","hostname":"LCs-MacBook-Pro-2.local","pid":23706,"level":30,"version":"5.82.12","msg":"Creating table: offer_redemptions","time":"2024-05-30T14:39:59.145Z","v":0}
{"name":"Log","hostname":"LCs-MacBook-Pro-2.local","pid":23706,"level":30,"version":"5.82.12","msg":"Creating table: members_subscribe_events","time":"2024-05-30T14:39:59.146Z","v":0}
{"name":"Log","hostname":"LCs-MacBook-Pro-2.local","pid":23706,"level":30,"version":"5.82.12","msg":"Creating table: donation_payment_events","time":"2024-05-30T14:39:59.146Z","v":0}
{"name":"Log","hostname":"LCs-MacBook-Pro-2.local","pid":23706,"level":30,"version":"5.82.12","msg":"Creating table: stripe_products","time":"2024-05-30T14:39:59.147Z","v":0}
{"name":"Log","hostname":"LCs-MacBook-Pro-2.local","pid":23706,"level":30,"version":"5.82.12","msg":"Creating table: stripe_prices","time":"2024-05-30T14:39:59.148Z","v":0}
{"name":"Log","hostname":"LCs-MacBook-Pro-2.local","pid":23706,"level":30,"version":"5.82.12","msg":"Creating table: actions","time":"2024-05-30T14:39:59.149Z","v":0}
{"name":"Log","hostname":"LCs-MacBook-Pro-2.local","pid":23706,"level":30,"version":"5.82.12","msg":"Creating table: emails","time":"2024-05-30T14:39:59.150Z","v":0}
{"name":"Log","hostname":"LCs-MacBook-Pro-2.local","pid":23706,"level":30,"version":"5.82.12","msg":"Creating table: email_batches","time":"2024-05-30T14:39:59.151Z","v":0}
{"name":"Log","hostname":"LCs-MacBook-Pro-2.local","pid":23706,"level":30,"version":"5.82.12","msg":"Creating table: email_recipients","time":"2024-05-30T14:39:59.152Z","v":0}
{"name":"Log","hostname":"LCs-MacBook-Pro-2.local","pid":23706,"level":30,"version":"5.82.12","msg":"Creating table: email_recipient_failures","time":"2024-05-30T14:39:59.155Z","v":0}
{"name":"Log","hostname":"LCs-MacBook-Pro-2.local","pid":23706,"level":30,"version":"5.82.12","msg":"Creating table: tokens","time":"2024-05-30T14:39:59.155Z","v":0}
{"name":"Log","hostname":"LCs-MacBook-Pro-2.local","pid":23706,"level":30,"version":"5.82.12","msg":"Creating table: snippets","time":"2024-05-30T14:39:59.156Z","v":0}
{"name":"Log","hostname":"LCs-MacBook-Pro-2.local","pid":23706,"level":30,"version":"5.82.12","msg":"Creating table: custom_theme_settings","time":"2024-05-30T14:39:59.157Z","v":0}
{"name":"Log","hostname":"LCs-MacBook-Pro-2.local","pid":23706,"level":30,"version":"5.82.12","msg":"Creating table: members_newsletters","time":"2024-05-30T14:39:59.158Z","v":0}
{"name":"Log","hostname":"LCs-MacBook-Pro-2.local","pid":23706,"level":30,"version":"5.82.12","msg":"Creating table: comments","time":"2024-05-30T14:39:59.159Z","v":0}
{"name":"Log","hostname":"LCs-MacBook-Pro-2.local","pid":23706,"level":30,"version":"5.82.12","msg":"Creating table: comment_likes","time":"2024-05-30T14:39:59.160Z","v":0}
{"name":"Log","hostname":"LCs-MacBook-Pro-2.local","pid":23706,"level":30,"version":"5.82.12","msg":"Creating table: comment_reports","time":"2024-05-30T14:39:59.160Z","v":0}
{"name":"Log","hostname":"LCs-MacBook-Pro-2.local","pid":23706,"level":30,"version":"5.82.12","msg":"Creating table: jobs","time":"2024-05-30T14:39:59.161Z","v":0}
{"name":"Log","hostname":"LCs-MacBook-Pro-2.local","pid":23706,"level":30,"version":"5.82.12","msg":"Creating table: redirects","time":"2024-05-30T14:39:59.162Z","v":0}
{"name":"Log","hostname":"LCs-MacBook-Pro-2.local","pid":23706,"level":30,"version":"5.82.12","msg":"Creating table: members_click_events","time":"2024-05-30T14:39:59.163Z","v":0}
{"name":"Log","hostname":"LCs-MacBook-Pro-2.local","pid":23706,"level":30,"version":"5.82.12","msg":"Creating table: members_feedback","time":"2024-05-30T14:39:59.163Z","v":0}
{"name":"Log","hostname":"LCs-MacBook-Pro-2.local","pid":23706,"level":30,"version":"5.82.12","msg":"Creating table: suppressions","time":"2024-05-30T14:39:59.164Z","v":0}
{"name":"Log","hostname":"LCs-MacBook-Pro-2.local","pid":23706,"level":30,"version":"5.82.12","msg":"Creating table: email_spam_complaint_events","time":"2024-05-30T14:39:59.165Z","v":0}
{"name":"Log","hostname":"LCs-MacBook-Pro-2.local","pid":23706,"level":30,"version":"5.82.12","msg":"Creating table: mentions","time":"2024-05-30T14:39:59.166Z","v":0}
{"name":"Log","hostname":"LCs-MacBook-Pro-2.local","pid":23706,"level":30,"version":"5.82.12","msg":"Creating table: milestones","time":"2024-05-30T14:39:59.166Z","v":0}
{"name":"Log","hostname":"LCs-MacBook-Pro-2.local","pid":23706,"level":30,"version":"5.82.12","msg":"Creating table: temp_mail_events","time":"2024-05-30T14:39:59.167Z","v":0}
{"name":"Log","hostname":"LCs-MacBook-Pro-2.local","pid":23706,"level":30,"version":"5.82.12","msg":"Creating table: collections","time":"2024-05-30T14:39:59.168Z","v":0}
{"name":"Log","hostname":"LCs-MacBook-Pro-2.local","pid":23706,"level":30,"version":"5.82.12","msg":"Creating table: collections_posts","time":"2024-05-30T14:39:59.169Z","v":0}
{"name":"Log","hostname":"LCs-MacBook-Pro-2.local","pid":23706,"level":30,"version":"5.82.12","msg":"Creating table: recommendations","time":"2024-05-30T14:39:59.169Z","v":0}
{"name":"Log","hostname":"LCs-MacBook-Pro-2.local","pid":23706,"level":30,"version":"5.82.12","msg":"Creating table: recommendation_click_events","time":"2024-05-30T14:39:59.170Z","v":0}
{"name":"Log","hostname":"LCs-MacBook-Pro-2.local","pid":23706,"level":30,"version":"5.82.12","msg":"Creating table: recommendation_subscribe_events","time":"2024-05-30T14:39:59.170Z","v":0}
{"name":"Log","hostname":"LCs-MacBook-Pro-2.local","pid":23706,"level":30,"version":"5.82.12","msg":"Model: Collection","time":"2024-05-30T14:39:59.435Z","v":0}
{"name":"Log","hostname":"LCs-MacBook-Pro-2.local","pid":23706,"level":30,"version":"5.82.12","msg":"Model: Product","time":"2024-05-30T14:39:59.438Z","v":0}
{"name":"Log","hostname":"LCs-MacBook-Pro-2.local","pid":23706,"level":30,"version":"5.82.12","msg":"Model: Newsletter","time":"2024-05-30T14:39:59.442Z","v":0}
{"name":"Log","hostname":"LCs-MacBook-Pro-2.local","pid":23706,"level":30,"version":"5.82.12","msg":"Model: Tag","time":"2024-05-30T14:39:59.444Z","v":0}
{"name":"Log","hostname":"LCs-MacBook-Pro-2.local","pid":23706,"level":30,"version":"5.82.12","msg":"Model: Permission","time":"2024-05-30T14:39:59.446Z","v":0}
{"name":"Log","hostname":"LCs-MacBook-Pro-2.local","pid":23706,"level":30,"version":"5.82.12","msg":"Model: Post","time":"2024-05-30T14:39:59.506Z","v":0}
{"name":"Log","hostname":"LCs-MacBook-Pro-2.local","pid":23706,"level":30,"version":"5.82.12","msg":"Model: Integration","time":"2024-05-30T14:39:59.697Z","v":0}
{"name":"Log","hostname":"LCs-MacBook-Pro-2.local","pid":23706,"level":30,"version":"5.82.12","msg":"Relation: Role to Permission","time":"2024-05-30T14:39:59.723Z","v":0}
{"name":"Log","hostname":"LCs-MacBook-Pro-2.local","pid":23706,"level":30,"version":"5.82.12","msg":"Relation: Post to Tag","time":"2024-05-30T14:39:59.785Z","v":0}
{"name":"Log","hostname":"LCs-MacBook-Pro-2.local","pid":23706,"level":30,"version":"5.82.12","msg":"Database is in a ready state.","time":"2024-05-30T14:39:59.813Z","v":0}
{"name":"Log","hostname":"LCs-MacBook-Pro-2.local","pid":23706,"level":30,"version":"5.82.12","msg":"Ghost database ready in 1.368s","time":"2024-05-30T14:39:59.814Z","v":0}
{"name":"Log","hostname":"LCs-MacBook-Pro-2.local","pid":23706,"level":40,"version":"5.82.12","msg":"Missing mail.from config, falling back to a generated email address. Please update your config file and set a valid from address","time":"2024-05-30T14:40:00.179Z","v":0}
{"name":"Log","hostname":"LCs-MacBook-Pro-2.local","pid":23706,"level":30,"version":"5.82.12","msg":"Adding offloaded job to the queue","time":"2024-05-30T14:40:01.028Z","v":0}
{"name":"Log","hostname":"LCs-MacBook-Pro-2.local","pid":23706,"level":30,"version":"5.82.12","msg":"Scheduling job mentions-email-report at 43 41 * * * *. Next run on: Thu May 30 2024 15:41:43 GMT+0100 (British Summer Time)","time":"2024-05-30T14:40:01.032Z","v":0}
{"name":"Log","hostname":"LCs-MacBook-Pro-2.local","pid":23706,"level":30,"version":"5.82.12","msg":"Adding one-off job to queue with current length = 0 called 'members-migrations'","time":"2024-05-30T14:40:01.153Z","v":0}
{"name":"Log","hostname":"LCs-MacBook-Pro-2.local","pid":23706,"level":30,"version":"5.82.12","msg":"Stripe not configured - skipping migrations","time":"2024-05-30T14:40:01.156Z","v":0}
{"name":"Log","hostname":"LCs-MacBook-Pro-2.local","pid":23706,"level":30,"version":"5.82.12","msg":"Ghost URL Service Ready in 2.991s","time":"2024-05-30T14:40:01.445Z","v":0}
{"name":"Log","hostname":"LCs-MacBook-Pro-2.local","pid":23706,"level":30,"version":"5.82.12","msg":"Adding offloaded job to the queue","time":"2024-05-30T14:40:01.654Z","v":0}
{"name":"Log","hostname":"LCs-MacBook-Pro-2.local","pid":23706,"level":30,"version":"5.82.12","msg":"Scheduling job clean-expired-comped at 49 58 4 * * *. Next run on: Fri May 31 2024 04:58:49 GMT+0100 (British Summer Time)","time":"2024-05-30T14:40:01.657Z","v":0}
{"name":"Log","hostname":"LCs-MacBook-Pro-2.local","pid":23706,"level":30,"version":"5.82.12","msg":"Adding offloaded job to the queue","time":"2024-05-30T14:40:01.661Z","v":0}
{"name":"Log","hostname":"LCs-MacBook-Pro-2.local","pid":23706,"level":30,"version":"5.82.12","msg":"Scheduling job clean-tokens at 3 4 18 * * *. Next run on: Thu May 30 2024 18:04:03 GMT+0100 (British Summer Time)","time":"2024-05-30T14:40:01.663Z","v":0}
{"name":"Log","hostname":"LCs-MacBook-Pro-2.local","pid":23706,"level":30,"version":"5.82.12","msg":"Ghost booted in 3.225s","time":"2024-05-30T14:40:01.672Z","v":0}
{"name":"Log","hostname":"LCs-MacBook-Pro-2.local","pid":23706,"level":30,"version":"5.82.12","msg":"Adding offloaded job to the queue","time":"2024-05-30T14:40:01.674Z","v":0}
{"name":"Log","hostname":"LCs-MacBook-Pro-2.local","pid":23706,"level":30,"version":"5.82.12","msg":"Scheduling job update-check at 59 54 22 * * *. Next run on: Thu May 30 2024 22:54:59 GMT+0100 (British Summer Time)","time":"2024-05-30T14:40:01.676Z","v":0}
{"name":"Log","hostname":"LCs-MacBook-Pro-2.local","pid":23706,"level":30,"version":"5.82.12","msg":"Running milestone emails job on Thu May 30 2024 15:40:06 GMT+0100 (British Summer Time)","time":"2024-05-30T14:40:01.681Z","v":0}
{"name":"Log","hostname":"LCs-MacBook-Pro-2.local","pid":23706,"level":30,"version":"5.82.12","worker":{"resourceLimits":{"maxYoungGenerationSizeMb":48,"maxOldGenerationSizeMb":4096,"codeRangeSizeMb":0,"stackSizeMb":4},"threadId":1},"msg":"Worker for job \"mentions-email-report\" online","time":"2024-05-30T14:41:43.080Z","v":0}
{"name":"Log","hostname":"LCs-MacBook-Pro-2.local","pid":23706,"level":30,"version":"5.82.12","msg":"Worker for job mentions-email-report sent a message: done","time":"2024-05-30T14:41:43.084Z","v":0}
{"name":"Log","hostname":"LCs-MacBook-Pro-2.local","pid":23706,"level":30,"version":"5.82.12","msg":"[Recommendations] Updating recommendations metadata","time":"2024-05-30T14:43:33.455Z","v":0}
